<?xml version="1.0" encoding="UTF-8"?>
<!-- Generated by org.testng.reporters.JUnitReportReporter -->
<testsuite hostname="DESKTOP-O3KNOF5" failures="0" tests="1" name="MavelTestCases.NewTestCase" time="0.009" errors="0" timestamp="2022-07-06T12:10:45 IST" skipped="0">
  <testcase classname="MavelTestCases.NewTestCase" name="New" time="0.009"/>
  <system-out/>
</testsuite> <!-- MavelTestCases.NewTestCase -->
